#
# There is insufficient memory for the Java Runtime Environment to continue.
# Native memory allocation (malloc) failed to allocate 844016 bytes. Error detail: Chunk::new
# Possible reasons:
#   The system is out of physical RAM or swap space
#   This process is running with CompressedOops enabled, and the Java Heap may be blocking the growth of the native heap
# Possible solutions:
#   Reduce memory load on the system
#   Increase physical memory or swap space
#   Check if swap backing store is full
#   Decrease Java heap size (-Xmx/-Xms)
#   Decrease number of Java threads
#   Decrease Java thread stack sizes (-Xss)
#   Set larger code cache with -XX:ReservedCodeCacheSize=
#   JVM is running with Unscaled Compressed Oops mode in which the Java heap is
#     placed in the first 4GB address space. The Java Heap base address is the
#     maximum limit for the native heap growth. Please use -XX:HeapBaseMinAddress
#     to set the Java Heap base and to place the Java Heap above 4GB virtual address.
# This output file may be truncated or incomplete.
#
#  Out of Memory Error (arena.cpp:168), pid=51252, tid=51992
#
# JRE version: OpenJDK Runtime Environment (21.0.9) (build 21.0.9+-14649483-b1163.86)
# Java VM: OpenJDK 64-Bit Server VM (21.0.9+-14649483-b1163.86, mixed mode, tiered, compressed oops, compressed class ptrs, g1 gc, windows-amd64)
# No core dump will be written. Minidumps are not enabled by default on client versions of Windows
#

---------------  S U M M A R Y ------------

Command Line: org.jetbrains.kotlin.cli.jvm.K2JVMCompiler @C:\Users\Tuella\AndroidStudioProjects\BudgetBuddy\app\build\20260428_6694397400493501105.compiler.options

Host: Intel(R) Core(TM) i5-6300U CPU @ 2.40GHz, 4 cores, 7G,  Windows 10 , 64 bit Build 19041 (10.0.19041.5915)
Time: Tue Apr 28 10:12:01 2026 South Africa Standard Time elapsed time: 39.107257 seconds (0d 0h 0m 39s)

---------------  T H R E A D  ---------------

Current thread (0x0000019bff063540):  JavaThread "C2 CompilerThread0" daemon [_thread_in_native, id=51992, stack(0x00000076c4200000,0x00000076c4300000) (1024K)]


Current CompileTask:
C2:39115 8115   !   4       jdk.internal.loader.BuiltinClassLoader::loadClassOrNull (143 bytes)

Stack: [0x00000076c4200000,0x00000076c4300000]
Native frames: (J=compiled Java code, j=interpreted, Vv=VM code, C=native code)
V  [jvm.dll+0x6d6c99]
V  [jvm.dll+0x866b83]
V  [jvm.dll+0x86919e]
V  [jvm.dll+0x869883]
V  [jvm.dll+0x280776]
V  [jvm.dll+0xc07cd]
V  [jvm.dll+0xc0d03]
V  [jvm.dll+0x2f5a10]
V  [jvm.dll+0x5ff9a9]
V  [jvm.dll+0x252572]
V  [jvm.dll+0x25292f]
V  [jvm.dll+0x24b0d5]
V  [jvm.dll+0x24892e]
V  [jvm.dll+0x1c7344]
V  [jvm.dll+0x2581ae]
V  [jvm.dll+0x2566f6]
V  [jvm.dll+0x3f48a6]
V  [jvm.dll+0x80f118]
V  [jvm.dll+0x6d54ed]
C  [ucrtbase.dll+0x21bb2]
C  [KERNEL32.DLL+0x17374]
C  [ntdll.dll+0x4cc91]


---------------  P R O C E S S  ---------------

Threads class SMR info:
_java_thread_list=0x0000019bff1c4930, length=11, elements={
0x0000019be1b5d050, 0x0000019bff02a3a0, 0x0000019bff03b140, 0x0000019bff049ee0,
0x0000019bff0660a0, 0x0000019bff066b00, 0x0000019bff068110, 0x0000019bff05f780,
0x0000019bff063540, 0x0000019bff069700, 0x0000019bff1f1950
}

Java Threads: ( => current thread )
  0x0000019be1b5d050 JavaThread "main"                              [_thread_in_native, id=43508, stack(0x00000076c3300000,0x00000076c3400000) (1024K)]
  0x0000019bff02a3a0 JavaThread "Common-Cleaner"             daemon [_thread_blocked, id=52924, stack(0x00000076c3b00000,0x00000076c3c00000) (1024K)]
  0x0000019bff03b140 JavaThread "Reference Handler"          daemon [_thread_blocked, id=51160, stack(0x00000076c3c00000,0x00000076c3d00000) (1024K)]
  0x0000019bff049ee0 JavaThread "Finalizer"                  daemon [_thread_blocked, id=2680, stack(0x00000076c3d00000,0x00000076c3e00000) (1024K)]
  0x0000019bff0660a0 JavaThread "Signal Dispatcher"          daemon [_thread_blocked, id=52772, stack(0x00000076c3e00000,0x00000076c3f00000) (1024K)]
  0x0000019bff066b00 JavaThread "Attach Listener"            daemon [_thread_blocked, id=51296, stack(0x00000076c3f00000,0x00000076c4000000) (1024K)]
  0x0000019bff068110 JavaThread "Service Thread"             daemon [_thread_blocked, id=50120, stack(0x00000076c4000000,0x00000076c4100000) (1024K)]
  0x0000019bff05f780 JavaThread "Monitor Deflation Thread"   daemon [_thread_blocked, id=18664, stack(0x00000076c4100000,0x00000076c4200000) (1024K)]
=>0x0000019bff063540 JavaThread "C2 CompilerThread0"         daemon [_thread_in_native, id=51992, stack(0x00000076c4200000,0x00000076c4300000) (1024K)]
  0x0000019bff069700 JavaThread "C1 CompilerThread0"         daemon [_thread_in_native, id=49296, stack(0x00000076c4300000,0x00000076c4400000) (1024K)]
  0x0000019bff1f1950 JavaThread "Notification Thread"        daemon [_thread_blocked, id=14768, stack(0x00000076c4400000,0x00000076c4500000) (1024K)]
Total: 11

Other Threads:
  0x0000019bfabdbb50 VMThread "VM Thread"                           [id=50896, stack(0x00000076c3a00000,0x00000076c3b00000) (1024K)]
  0x0000019bfab7a2e0 WatcherThread "VM Periodic Task Thread"        [id=42012, stack(0x00000076c3900000,0x00000076c3a00000) (1024K)]
  0x0000019be3eaf400 WorkerThread "GC Thread#0"                     [id=23864, stack(0x00000076c3400000,0x00000076c3500000) (1024K)]
  0x0000019bff745ff0 WorkerThread "GC Thread#1"                     [id=50516, stack(0x00000076c4500000,0x00000076c4600000) (1024K)]
  0x0000019bff75e570 WorkerThread "GC Thread#2"                     [id=51648, stack(0x00000076c4600000,0x00000076c4700000) (1024K)]
  0x0000019bff769720 WorkerThread "GC Thread#3"                     [id=51772, stack(0x00000076c4700000,0x00000076c4800000) (1024K)]
  0x0000019be3ec0630 ConcurrentGCThread "G1 Main Marker"            [id=48312, stack(0x00000076c3500000,0x00000076c3600000) (1024K)]
  0x0000019be3ec12a0 WorkerThread "G1 Conc#0"                       [id=52144, stack(0x00000076c3600000,0x00000076c3700000) (1024K)]
  0x0000019bfaa520c0 ConcurrentGCThread "G1 Refine#0"               [id=35300, stack(0x00000076c3700000,0x00000076c3800000) (1024K)]
  0x0000019be3f27700 ConcurrentGCThread "G1 Service"                [id=48268, stack(0x00000076c3800000,0x00000076c3900000) (1024K)]
Total: 10

Threads with active compile tasks:
C2 CompilerThread0  39461 8115   !   4       jdk.internal.loader.BuiltinClassLoader::loadClassOrNull (143 bytes)
C1 CompilerThread0  39462 8147       3       org.jetbrains.kotlin.fir.backend.Fir2IrTypeConverter::toIrType (1744 bytes)
Total: 2

VM state: not at safepoint (normal execution)

VM Mutex/Monitor currently owned by a thread: None

OutOfMemory and StackOverflow Exception counts:
OutOfMemoryError java_heap_errors=1
LinkageErrors=61

Heap address: 0x0000000082e00000, size: 2002 MB, Compressed Oops mode: 32-bit

CDS archive(s) not mapped
Compressed class space mapped at: 0x0000000100000000-0x0000000140000000, reserved size: 1073741824
Narrow klass base: 0x0000000000000000, Narrow klass shift: 3, Narrow klass range: 0x140000000

GC Precious Log:
 CardTable entry size: 512
 Card Set container configuration: InlinePtr #cards 5 size 8 Array Of Cards #cards 12 size 40 Howl #buckets 4 coarsen threshold 1843 Howl Bitmap #cards 512 size 80 coarsen threshold 460 Card regions per heap region 1 cards per card region 2048
 CPUs: 4 total, 4 available
 Memory: 8006M
 Large Page Support: Disabled
 NUMA Support: Disabled
 Compressed Oops: Enabled (32-bit)
 Heap Region Size: 1M
 Heap Min Capacity: 8M
 Heap Initial Capacity: 126M
 Heap Max Capacity: 2002M
 Pre-touch: Disabled
 Parallel Workers: 4
 Concurrent Workers: 1
 Concurrent Refinement Workers: 4
 Periodic GC: Disabled

Heap:
 garbage-first heap   total 112640K, used 78117K [0x0000000082e00000, 0x0000000100000000)
  region size 1024K, 17 young (17408K), 4 survivors (4096K)
 Metaspace       used 67531K, committed 67840K, reserved 1114112K
  class space    used 7542K, committed 7680K, reserved 1048576K

Heap Regions: E=young(eden), S=young(survivor), O=old, HS=humongous(starts), HC=humongous(continues), CS=collection set, F=free, TAMS=top-at-mark-start, PB=parsable bottom
|   0|0x0000000082e00000, 0x0000000082f00000, 0x0000000082f00000|100%|HS|  |TAMS 0x0000000082e00000| PB 0x0000000082e00000| Complete 
|   1|0x0000000082f00000, 0x0000000083000000, 0x0000000083000000|100%|HC|  |TAMS 0x0000000082f00000| PB 0x0000000082f00000| Complete 
|   2|0x0000000083000000, 0x0000000083100000, 0x0000000083100000|100%|HC|  |TAMS 0x0000000083000000| PB 0x0000000083000000| Complete 
|   3|0x0000000083100000, 0x0000000083200000, 0x0000000083200000|100%| O|  |TAMS 0x0000000083100000| PB 0x0000000083100000| Untracked 
|   4|0x0000000083200000, 0x0000000083300000, 0x0000000083300000|100%| O|  |TAMS 0x0000000083200000| PB 0x0000000083200000| Untracked 
|   5|0x0000000083300000, 0x0000000083400000, 0x0000000083400000|100%| O|  |TAMS 0x0000000083300000| PB 0x0000000083300000| Untracked 
|   6|0x0000000083400000, 0x0000000083500000, 0x0000000083500000|100%| O|  |TAMS 0x0000000083400000| PB 0x0000000083400000| Untracked 
|   7|0x0000000083500000, 0x0000000083600000, 0x0000000083600000|100%| O|  |TAMS 0x0000000083500000| PB 0x0000000083500000| Untracked 
|   8|0x0000000083600000, 0x0000000083700000, 0x0000000083700000|100%| O|  |TAMS 0x0000000083600000| PB 0x0000000083600000| Untracked 
|   9|0x0000000083700000, 0x0000000083800000, 0x0000000083800000|100%| O|  |TAMS 0x0000000083700000| PB 0x0000000083700000| Untracked 
|  10|0x0000000083800000, 0x0000000083900000, 0x0000000083900000|100%| O|  |TAMS 0x0000000083800000| PB 0x0000000083800000| Untracked 
|  11|0x0000000083900000, 0x0000000083a00000, 0x0000000083a00000|100%| O|  |TAMS 0x0000000083900000| PB 0x0000000083900000| Untracked 
|  12|0x0000000083a00000, 0x0000000083b00000, 0x0000000083b00000|100%| O|  |TAMS 0x0000000083a00000| PB 0x0000000083a00000| Untracked 
|  13|0x0000000083b00000, 0x0000000083c00000, 0x0000000083c00000|100%| O|  |TAMS 0x0000000083b00000| PB 0x0000000083b00000| Untracked 
|  14|0x0000000083c00000, 0x0000000083d00000, 0x0000000083d00000|100%| O|  |TAMS 0x0000000083c00000| PB 0x0000000083c00000| Untracked 
|  15|0x0000000083d00000, 0x0000000083e00000, 0x0000000083e00000|100%| O|  |TAMS 0x0000000083d00000| PB 0x0000000083d00000| Untracked 
|  16|0x0000000083e00000, 0x0000000083f00000, 0x0000000083f00000|100%| O|  |TAMS 0x0000000083e00000| PB 0x0000000083e00000| Untracked 
|  17|0x0000000083f00000, 0x0000000084000000, 0x0000000084000000|100%| O|  |TAMS 0x0000000083f00000| PB 0x0000000083f00000| Untracked 
|  18|0x0000000084000000, 0x0000000084100000, 0x0000000084100000|100%| O|  |TAMS 0x0000000084000000| PB 0x0000000084000000| Untracked 
|  19|0x0000000084100000, 0x0000000084200000, 0x0000000084200000|100%| O|  |TAMS 0x0000000084100000| PB 0x0000000084100000| Untracked 
|  20|0x0000000084200000, 0x0000000084300000, 0x0000000084300000|100%| O|  |TAMS 0x0000000084200000| PB 0x0000000084200000| Untracked 
|  21|0x0000000084300000, 0x0000000084400000, 0x0000000084400000|100%| O|  |TAMS 0x0000000084300000| PB 0x0000000084300000| Untracked 
|  22|0x0000000084400000, 0x0000000084500000, 0x0000000084500000|100%| O|  |TAMS 0x0000000084400000| PB 0x0000000084400000| Untracked 
|  23|0x0000000084500000, 0x0000000084600000, 0x0000000084600000|100%| O|  |TAMS 0x0000000084500000| PB 0x0000000084500000| Untracked 
|  24|0x0000000084600000, 0x0000000084700000, 0x0000000084700000|100%|HS|  |TAMS 0x0000000084600000| PB 0x0000000084600000| Complete 
|  25|0x0000000084700000, 0x0000000084800000, 0x0000000084800000|100%| O|  |TAMS 0x0000000084700000| PB 0x0000000084700000| Untracked 
|  26|0x0000000084800000, 0x0000000084900000, 0x0000000084900000|100%| O|  |TAMS 0x0000000084800000| PB 0x0000000084800000| Untracked 
|  27|0x0000000084900000, 0x0000000084a00000, 0x0000000084a00000|100%| O|  |TAMS 0x0000000084900000| PB 0x0000000084900000| Untracked 
|  28|0x0000000084a00000, 0x0000000084b00000, 0x0000000084b00000|100%| O|  |TAMS 0x0000000084a00000| PB 0x0000000084a00000| Untracked 
|  29|0x0000000084b00000, 0x0000000084c00000, 0x0000000084c00000|100%| O|  |TAMS 0x0000000084b00000| PB 0x0000000084b00000| Untracked 
|  30|0x0000000084c00000, 0x0000000084d00000, 0x0000000084d00000|100%| O|  |TAMS 0x0000000084c00000| PB 0x0000000084c00000| Untracked 
|  31|0x0000000084d00000, 0x0000000084e00000, 0x0000000084e00000|100%| O|  |TAMS 0x0000000084d00000| PB 0x0000000084d00000| Untracked 
|  32|0x0000000084e00000, 0x0000000084f00000, 0x0000000084f00000|100%| O|  |TAMS 0x0000000084e00000| PB 0x0000000084e00000| Untracked 
|  33|0x0000000084f00000, 0x0000000085000000, 0x0000000085000000|100%| O|  |TAMS 0x0000000084f00000| PB 0x0000000084f00000| Untracked 
|  34|0x0000000085000000, 0x0000000085100000, 0x0000000085100000|100%| O|  |TAMS 0x0000000085000000| PB 0x0000000085000000| Untracked 
|  35|0x0000000085100000, 0x0000000085200000, 0x0000000085200000|100%| O|  |TAMS 0x0000000085100000| PB 0x0000000085100000| Untracked 
|  36|0x0000000085200000, 0x0000000085300000, 0x0000000085300000|100%| O|  |TAMS 0x0000000085200000| PB 0x0000000085200000| Untracked 
|  37|0x0000000085300000, 0x0000000085400000, 0x0000000085400000|100%| O|  |TAMS 0x0000000085300000| PB 0x0000000085300000| Untracked 
|  38|0x0000000085400000, 0x0000000085500000, 0x0000000085500000|100%| O|  |TAMS 0x0000000085400000| PB 0x0000000085400000| Untracked 
|  39|0x0000000085500000, 0x0000000085600000, 0x0000000085600000|100%| O|  |TAMS 0x0000000085500000| PB 0x0000000085500000| Untracked 
|  40|0x0000000085600000, 0x0000000085700000, 0x0000000085700000|100%| O|  |TAMS 0x0000000085600000| PB 0x0000000085600000| Untracked 
|  41|0x0000000085700000, 0x0000000085800000, 0x0000000085800000|100%| O|  |TAMS 0x0000000085700000| PB 0x0000000085700000| Untracked 
|  42|0x0000000085800000, 0x0000000085900000, 0x0000000085900000|100%| O|  |TAMS 0x0000000085800000| PB 0x0000000085800000| Untracked 
|  43|0x0000000085900000, 0x0000000085a00000, 0x0000000085a00000|100%| O|  |TAMS 0x0000000085900000| PB 0x0000000085900000| Untracked 
|  44|0x0000000085a00000, 0x0000000085b00000, 0x0000000085b00000|100%| O|  |TAMS 0x0000000085a00000| PB 0x0000000085a00000| Untracked 
|  45|0x0000000085b00000, 0x0000000085c00000, 0x0000000085c00000|100%| O|  |TAMS 0x0000000085b00000| PB 0x0000000085b00000| Untracked 
|  46|0x0000000085c00000, 0x0000000085d00000, 0x0000000085d00000|100%| O|Cm|TAMS 0x0000000085c00000| PB 0x0000000085c00000| Complete 
|  47|0x0000000085d00000, 0x0000000085e00000, 0x0000000085e00000|100%| O|  |TAMS 0x0000000085d00000| PB 0x0000000085d00000| Untracked 
|  48|0x0000000085e00000, 0x0000000085f00000, 0x0000000085f00000|100%| O|  |TAMS 0x0000000085e00000| PB 0x0000000085e00000| Untracked 
|  49|0x0000000085f00000, 0x0000000086000000, 0x0000000086000000|100%| O|  |TAMS 0x0000000085f00000| PB 0x0000000085f00000| Untracked 
|  50|0x0000000086000000, 0x0000000086100000, 0x0000000086100000|100%| O|Cm|TAMS 0x0000000086000000| PB 0x0000000086000000| Complete 
|  51|0x0000000086100000, 0x0000000086200000, 0x0000000086200000|100%| O|  |TAMS 0x0000000086100000| PB 0x0000000086100000| Untracked 
|  52|0x0000000086200000, 0x0000000086300000, 0x0000000086300000|100%| O|  |TAMS 0x0000000086200000| PB 0x0000000086200000| Untracked 
|  53|0x0000000086300000, 0x0000000086400000, 0x0000000086400000|100%| O|  |TAMS 0x0000000086300000| PB 0x0000000086300000| Untracked 
|  54|0x0000000086400000, 0x0000000086500000, 0x0000000086500000|100%| O|  |TAMS 0x0000000086400000| PB 0x0000000086400000| Untracked 
|  55|0x0000000086500000, 0x0000000086600000, 0x0000000086600000|100%| O|  |TAMS 0x0000000086500000| PB 0x0000000086500000| Untracked 
|  56|0x0000000086600000, 0x0000000086700000, 0x0000000086700000|100%| O|  |TAMS 0x0000000086600000| PB 0x0000000086600000| Untracked 
|  57|0x0000000086700000, 0x0000000086800000, 0x0000000086800000|100%| O|  |TAMS 0x0000000086700000| PB 0x0000000086700000| Untracked 
|  58|0x0000000086800000, 0x0000000086900000, 0x0000000086900000|100%| O|  |TAMS 0x0000000086800000| PB 0x0000000086800000| Untracked 
|  59|0x0000000086900000, 0x0000000086a00000, 0x0000000086a00000|100%| O|  |TAMS 0x0000000086900000| PB 0x0000000086900000| Untracked 
|  60|0x0000000086a00000, 0x0000000086a80000, 0x0000000086b00000| 50%| O|  |TAMS 0x0000000086a00000| PB 0x0000000086a00000| Untracked 
|  61|0x0000000086b00000, 0x0000000086b00000, 0x0000000086c00000|  0%| F|  |TAMS 0x0000000086b00000| PB 0x0000000086b00000| Untracked 
|  62|0x0000000086c00000, 0x0000000086c00000, 0x0000000086d00000|  0%| F|  |TAMS 0x0000000086c00000| PB 0x0000000086c00000| Untracked 
|  63|0x0000000086d00000, 0x0000000086d00000, 0x0000000086e00000|  0%| F|  |TAMS 0x0000000086d00000| PB 0x0000000086d00000| Untracked 
|  64|0x0000000086e00000, 0x0000000086e00000, 0x0000000086f00000|  0%| F|  |TAMS 0x0000000086e00000| PB 0x0000000086e00000| Untracked 
|  65|0x0000000086f00000, 0x0000000086f00000, 0x0000000087000000|  0%| F|  |TAMS 0x0000000086f00000| PB 0x0000000086f00000| Untracked 
|  66|0x0000000087000000, 0x0000000087000000, 0x0000000087100000|  0%| F|  |TAMS 0x0000000087000000| PB 0x0000000087000000| Untracked 
|  67|0x0000000087100000, 0x0000000087100000, 0x0000000087200000|  0%| F|  |TAMS 0x0000000087100000| PB 0x0000000087100000| Untracked 
|  68|0x0000000087200000, 0x0000000087200000, 0x0000000087300000|  0%| F|  |TAMS 0x0000000087200000| PB 0x0000000087200000| Untracked 
|  69|0x0000000087300000, 0x0000000087300000, 0x0000000087400000|  0%| F|  |TAMS 0x0000000087300000| PB 0x0000000087300000| Untracked 
|  70|0x0000000087400000, 0x00000000874c94c0, 0x0000000087500000| 78%| S|CS|TAMS 0x0000000087400000| PB 0x0000000087400000| Complete 
|  71|0x0000000087500000, 0x0000000087500000, 0x0000000087600000|  0%| F|  |TAMS 0x0000000087500000| PB 0x0000000087500000| Untracked 
|  72|0x0000000087600000, 0x0000000087700000, 0x0000000087700000|100%| S|CS|TAMS 0x0000000087600000| PB 0x0000000087600000| Complete 
|  73|0x0000000087700000, 0x0000000087800000, 0x0000000087800000|100%| S|CS|TAMS 0x0000000087700000| PB 0x0000000087700000| Complete 
|  74|0x0000000087800000, 0x0000000087900000, 0x0000000087900000|100%| S|CS|TAMS 0x0000000087800000| PB 0x0000000087800000| Complete 
|  75|0x0000000087900000, 0x0000000087900000, 0x0000000087a00000|  0%| F|  |TAMS 0x0000000087900000| PB 0x0000000087900000| Untracked 
|  76|0x0000000087a00000, 0x0000000087a00000, 0x0000000087b00000|  0%| F|  |TAMS 0x0000000087a00000| PB 0x0000000087a00000| Untracked 
|  77|0x0000000087b00000, 0x0000000087b00000, 0x0000000087c00000|  0%| F|  |TAMS 0x0000000087b00000| PB 0x0000000087b00000| Untracked 
|  78|0x0000000087c00000, 0x0000000087c00000, 0x0000000087d00000|  0%| F|  |TAMS 0x0000000087c00000| PB 0x0000000087c00000| Untracked 
|  79|0x0000000087d00000, 0x0000000087d00000, 0x0000000087e00000|  0%| F|  |TAMS 0x0000000087d00000| PB 0x0000000087d00000| Untracked 
|  80|0x0000000087e00000, 0x0000000087e00000, 0x0000000087f00000|  0%| F|  |TAMS 0x0000000087e00000| PB 0x0000000087e00000| Untracked 
|  81|0x0000000087f00000, 0x0000000087f00000, 0x0000000088000000|  0%| F|  |TAMS 0x0000000087f00000| PB 0x0000000087f00000| Untracked 
|  82|0x0000000088000000, 0x0000000088000000, 0x0000000088100000|  0%| F|  |TAMS 0x0000000088000000| PB 0x0000000088000000| Untracked 
|  83|0x0000000088100000, 0x0000000088100000, 0x0000000088200000|  0%| F|  |TAMS 0x0000000088100000| PB 0x0000000088100000| Untracked 
|  84|0x0000000088200000, 0x0000000088200000, 0x0000000088300000|  0%| F|  |TAMS 0x0000000088200000| PB 0x0000000088200000| Untracked 
|  85|0x0000000088300000, 0x0000000088300000, 0x0000000088400000|  0%| F|  |TAMS 0x0000000088300000| PB 0x0000000088300000| Untracked 
|  86|0x0000000088400000, 0x0000000088400000, 0x0000000088500000|  0%| F|  |TAMS 0x0000000088400000| PB 0x0000000088400000| Untracked 
|  87|0x0000000088500000, 0x0000000088500000, 0x0000000088600000|  0%| F|  |TAMS 0x0000000088500000| PB 0x0000000088500000| Untracked 
|  88|0x0000000088600000, 0x0000000088600000, 0x0000000088700000|  0%| F|  |TAMS 0x0000000088600000| PB 0x0000000088600000| Untracked 
|  89|0x0000000088700000, 0x0000000088700000, 0x0000000088800000|  0%| F|  |TAMS 0x0000000088700000| PB 0x0000000088700000| Untracked 
|  90|0x0000000088800000, 0x0000000088800000, 0x0000000088900000|  0%| F|  |TAMS 0x0000000088800000| PB 0x0000000088800000| Untracked 
|  91|0x0000000088900000, 0x0000000088900000, 0x0000000088a00000|  0%| F|  |TAMS 0x0000000088900000| PB 0x0000000088900000| Untracked 
|  92|0x0000000088a00000, 0x0000000088a00000, 0x0000000088b00000|  0%| F|  |TAMS 0x0000000088a00000| PB 0x0000000088a00000| Untracked 
|  93|0x0000000088b00000, 0x0000000088b00000, 0x0000000088c00000|  0%| F|  |TAMS 0x0000000088b00000| PB 0x0000000088b00000| Untracked 
|  94|0x0000000088c00000, 0x0000000088c00000, 0x0000000088d00000|  0%| F|  |TAMS 0x0000000088c00000| PB 0x0000000088c00000| Untracked 
|  95|0x0000000088d00000, 0x0000000088d00000, 0x0000000088e00000|  0%| F|  |TAMS 0x0000000088d00000| PB 0x0000000088d00000| Untracked 
|  96|0x0000000088e00000, 0x0000000088eedd68, 0x0000000088f00000| 92%| E|  |TAMS 0x0000000088e00000| PB 0x0000000088e00000| Complete 
|  97|0x0000000088f00000, 0x0000000089000000, 0x0000000089000000|100%| E|CS|TAMS 0x0000000088f00000| PB 0x0000000088f00000| Complete 
|  98|0x0000000089000000, 0x0000000089100000, 0x0000000089100000|100%| E|CS|TAMS 0x0000000089000000| PB 0x0000000089000000| Complete 
|  99|0x0000000089100000, 0x0000000089200000, 0x0000000089200000|100%| E|CS|TAMS 0x0000000089100000| PB 0x0000000089100000| Complete 
| 100|0x0000000089200000, 0x0000000089300000, 0x0000000089300000|100%| E|  |TAMS 0x0000000089200000| PB 0x0000000089200000| Complete 
| 101|0x0000000089300000, 0x0000000089400000, 0x0000000089400000|100%| E|CS|TAMS 0x0000000089300000| PB 0x0000000089300000| Complete 
| 102|0x0000000089400000, 0x0000000089500000, 0x0000000089500000|100%| E|CS|TAMS 0x0000000089400000| PB 0x0000000089400000| Complete 
| 103|0x0000000089500000, 0x0000000089600000, 0x0000000089600000|100%| E|CS|TAMS 0x0000000089500000| PB 0x0000000089500000| Complete 
| 104|0x0000000089600000, 0x0000000089700000, 0x0000000089700000|100%| E|CS|TAMS 0x0000000089600000| PB 0x0000000089600000| Complete 
| 105|0x0000000089700000, 0x0000000089800000, 0x0000000089800000|100%| E|CS|TAMS 0x0000000089700000| PB 0x0000000089700000| Complete 
| 111|0x0000000089d00000, 0x0000000089e00000, 0x0000000089e00000|100%| E|CS|TAMS 0x0000000089d00000| PB 0x0000000089d00000| Complete 
| 112|0x0000000089e00000, 0x0000000089f00000, 0x0000000089f00000|100%| E|CS|TAMS 0x0000000089e00000| PB 0x0000000089e00000| Complete 
| 113|0x0000000089f00000, 0x000000008a000000, 0x000000008a000000|100%| E|CS|TAMS 0x0000000089f00000| PB 0x0000000089f00000| Complete 
|2001|0x00000000fff00000, 0x0000000100000000, 0x0000000100000000|100%| O|  |TAMS 0x00000000fff00000| PB 0x00000000fff00000| Untracked 

Card table byte_map: [0x0000019bf63c0000,0x0000019bf67b0000] _byte_map_base: 0x0000019bf5fa9000

Marking Bits: (CMBitMap*) 0x0000019be3eb0310
 Bits: [0x0000019bf67b0000, 0x0000019bf86f8000)

Polling page: 0x0000019be1d00000

Metaspace:

Usage:
  Non-class:     58.58 MB used.
      Class:      7.37 MB used.
       Both:     65.95 MB used.

Virtual space:
  Non-class space:       64.00 MB reserved,      58.75 MB ( 92%) committed,  1 nodes.
      Class space:        1.00 GB reserved,       7.50 MB ( <1%) committed,  1 nodes.
             Both:        1.06 GB reserved,      66.25 MB (  6%) committed. 

Chunk freelists:
   Non-Class:  4.77 MB
       Class:  8.44 MB
        Both:  13.20 MB

MaxMetaspaceSize: unlimited
CompressedClassSpaceSize: 1.00 GB
Initial GC threshold: 21.00 MB
Current GC threshold: 106.19 MB
CDS: off
 - commit_granule_bytes: 65536.
 - commit_granule_words: 8192.
 - virtual_space_node_default_size: 8388608.
 - enlarge_chunks_in_place: 1.
 - use_allocation_guard: 0.


Internal statistics:

num_allocs_failed_limit: 6.
num_arena_births: 308.
num_arena_deaths: 0.
num_vsnodes_births: 2.
num_vsnodes_deaths: 0.
num_space_committed: 1060.
num_space_uncommitted: 0.
num_chunks_returned_to_freelist: 6.
num_chunks_taken_from_freelist: 2316.
num_chunk_merges: 6.
num_chunk_splits: 1957.
num_chunks_enlarged: 1771.
num_inconsistent_stats: 0.

CodeHeap 'non-profiled nmethods': size=120000Kb used=3759Kb max_used=3759Kb free=116240Kb
 bounds [0x0000019beeaa0000, 0x0000019beee50000, 0x0000019bf5fd0000]
CodeHeap 'profiled nmethods': size=120000Kb used=22905Kb max_used=24749Kb free=97094Kb
 bounds [0x0000019be6fd0000, 0x0000019be8800000, 0x0000019bee500000]
CodeHeap 'non-nmethods': size=5760Kb used=1645Kb max_used=1657Kb free=4115Kb
 bounds [0x0000019bee500000, 0x0000019bee770000, 0x0000019beeaa0000]
CodeCache: size=245760Kb, used=28309Kb, max_used=30165Kb, free=217449Kb
 total_blobs=8038, nmethods=7240, adapters=698, full_count=0
Compilation: enabled, stopped_count=0, restarted_count=0

Compilation events (20 events):
Event: 39.020 Thread 0x0000019bff069700 nmethod 8137 0x0000019be7267810 code [0x0000019be7267a60, 0x0000019be7268318]
Event: 39.020 Thread 0x0000019bff069700 8138       3       org.jetbrains.kotlin.fir.declarations.FirDeclarationAttributes::<init> (6 bytes)
Event: 39.021 Thread 0x0000019bff069700 nmethod 8138 0x0000019be6ff9a90 code [0x0000019be6ff9cc0, 0x0000019be6ffa3d0]
Event: 39.021 Thread 0x0000019bff069700 8139       3       org.jetbrains.kotlin.fir.backend.Fir2IrClassifierStorage::getCachedIrLocalClass (74 bytes)
Event: 39.022 Thread 0x0000019bff069700 nmethod 8139 0x0000019be7519a90 code [0x0000019be7519da0, 0x0000019be751aff8]
Event: 39.024 Thread 0x0000019bff069700 8140       3       org.jetbrains.kotlin.fir.java.enhancement.FirAnnotationTypeQualifierResolver::getFqName (91 bytes)
Event: 39.025 Thread 0x0000019bff069700 nmethod 8140 0x0000019be76b3090 code [0x0000019be76b3340, 0x0000019be76b4128]
Event: 39.027 Thread 0x0000019bff069700 8141       3       org.jetbrains.kotlin.fir.symbols.impl.FirClassSymbol::getClassKind (11 bytes)
Event: 39.027 Thread 0x0000019bff069700 nmethod 8141 0x0000019be71edc10 code [0x0000019be71edde0, 0x0000019be71ee0c0]
Event: 39.028 Thread 0x0000019bff069700 8142       3       org.jetbrains.kotlin.fir.backend.generators.AnnotationGenerator::toIrAnnotations (146 bytes)
Event: 39.030 Thread 0x0000019bff069700 nmethod 8142 0x0000019be77b9710 code [0x0000019be77b9a40, 0x0000019be77bae88]
Event: 39.030 Thread 0x0000019bff069700 8144       3       org.jetbrains.kotlin.fir.backend.Fir2IrClassifierStorage::getIrClass (80 bytes)
Event: 39.031 Thread 0x0000019bff069700 nmethod 8144 0x0000019be77c2610 code [0x0000019be77c28c0, 0x0000019be77c3578]
Event: 39.031 Thread 0x0000019bff069700 8145       3       org.jetbrains.kotlin.fir.declarations.synthetic.FirSyntheticProperty::getOrigin (7 bytes)
Event: 39.031 Thread 0x0000019bff069700 nmethod 8145 0x0000019be7076310 code [0x0000019be70764a0, 0x0000019be70765b8]
Event: 39.031 Thread 0x0000019bff069700 8143       1       org.jetbrains.kotlin.ir.declarations.IrDeclarationBase::get_parent$ir_tree (5 bytes)
Event: 39.031 Thread 0x0000019bff069700 nmethod 8143 0x0000019beec89190 code [0x0000019beec89320, 0x0000019beec893e8]
Event: 39.035 Thread 0x0000019bff069700 8146       1       org.jetbrains.kotlin.ir.types.impl.IrSimpleTypeImpl::getNullability (5 bytes)
Event: 39.036 Thread 0x0000019bff069700 nmethod 8146 0x0000019beec88e90 code [0x0000019beec89020, 0x0000019beec890e8]
Event: 39.037 Thread 0x0000019bff069700 8147       3       org.jetbrains.kotlin.fir.backend.Fir2IrTypeConverter::toIrType (1744 bytes)

GC Heap History (20 events):
Event: 27.480 GC heap before
{Heap before GC invocations=20 (full 0):
 garbage-first heap   total 47104K, used 39936K [0x0000000082e00000, 0x0000000100000000)
  region size 1024K, 8 young (8192K), 2 survivors (2048K)
 Metaspace       used 50694K, committed 50944K, reserved 1114112K
  class space    used 5966K, committed 6080K, reserved 1048576K
}
Event: 27.487 GC heap after
{Heap after GC invocations=21 (full 0):
 garbage-first heap   total 47104K, used 36215K [0x0000000082e00000, 0x0000000100000000)
  region size 1024K, 1 young (1024K), 1 survivors (1024K)
 Metaspace       used 50694K, committed 50944K, reserved 1114112K
  class space    used 5966K, committed 6080K, reserved 1048576K
}
Event: 27.895 GC heap before
{Heap before GC invocations=22 (full 0):
 garbage-first heap   total 61440K, used 41335K [0x0000000082e00000, 0x0000000100000000)
  region size 1024K, 6 young (6144K), 1 survivors (1024K)
 Metaspace       used 51477K, committed 51776K, reserved 1114112K
  class space    used 6076K, committed 6208K, reserved 1048576K
}
Event: 27.902 GC heap after
{Heap after GC invocations=23 (full 0):
 garbage-first heap   total 61440K, used 37594K [0x0000000082e00000, 0x0000000100000000)
  region size 1024K, 1 young (1024K), 1 survivors (1024K)
 Metaspace       used 51477K, committed 51776K, reserved 1114112K
  class space    used 6076K, committed 6208K, reserved 1048576K
}
Event: 28.954 GC heap before
{Heap before GC invocations=23 (full 0):
 garbage-first heap   total 61440K, used 48858K [0x0000000082e00000, 0x0000000100000000)
  region size 1024K, 13 young (13312K), 1 survivors (1024K)
 Metaspace       used 54289K, committed 54528K, reserved 1114112K
  class space    used 6381K, committed 6464K, reserved 1048576K
}
Event: 28.963 GC heap after
{Heap after GC invocations=24 (full 0):
 garbage-first heap   total 61440K, used 38318K [0x0000000082e00000, 0x0000000100000000)
  region size 1024K, 2 young (2048K), 2 survivors (2048K)
 Metaspace       used 54289K, committed 54528K, reserved 1114112K
  class space    used 6381K, committed 6464K, reserved 1048576K
}
Event: 29.544 GC heap before
{Heap before GC invocations=24 (full 0):
 garbage-first heap   total 61440K, used 50606K [0x0000000082e00000, 0x0000000100000000)
  region size 1024K, 14 young (14336K), 2 survivors (2048K)
 Metaspace       used 54938K, committed 55296K, reserved 1114112K
  class space    used 6462K, committed 6592K, reserved 1048576K
}
Event: 29.558 GC heap after
{Heap after GC invocations=25 (full 0):
 garbage-first heap   total 61440K, used 41793K [0x0000000082e00000, 0x0000000100000000)
  region size 1024K, 2 young (2048K), 2 survivors (2048K)
 Metaspace       used 54938K, committed 55296K, reserved 1114112K
  class space    used 6462K, committed 6592K, reserved 1048576K
}
Event: 30.480 GC heap before
{Heap before GC invocations=26 (full 0):
 garbage-first heap   total 70656K, used 51009K [0x0000000082e00000, 0x0000000100000000)
  region size 1024K, 12 young (12288K), 2 survivors (2048K)
 Metaspace       used 55911K, committed 56192K, reserved 1114112K
  class space    used 6595K, committed 6720K, reserved 1048576K
}
Event: 30.495 GC heap after
{Heap after GC invocations=27 (full 0):
 garbage-first heap   total 70656K, used 44834K [0x0000000082e00000, 0x0000000100000000)
  region size 1024K, 2 young (2048K), 2 survivors (2048K)
 Metaspace       used 55911K, committed 56192K, reserved 1114112K
  class space    used 6595K, committed 6720K, reserved 1048576K
}
Event: 31.326 GC heap before
{Heap before GC invocations=27 (full 0):
 garbage-first heap   total 70656K, used 58146K [0x0000000082e00000, 0x0000000100000000)
  region size 1024K, 16 young (16384K), 2 survivors (2048K)
 Metaspace       used 56682K, committed 56960K, reserved 1114112K
  class space    used 6653K, committed 6784K, reserved 1048576K
}
Event: 31.343 GC heap after
{Heap after GC invocations=28 (full 0):
 garbage-first heap   total 101376K, used 47648K [0x0000000082e00000, 0x0000000100000000)
  region size 1024K, 2 young (2048K), 2 survivors (2048K)
 Metaspace       used 56682K, committed 56960K, reserved 1114112K
  class space    used 6653K, committed 6784K, reserved 1048576K
}
Event: 33.764 GC heap before
{Heap before GC invocations=28 (full 0):
 garbage-first heap   total 101376K, used 77344K [0x0000000082e00000, 0x0000000100000000)
  region size 1024K, 31 young (31744K), 2 survivors (2048K)
 Metaspace       used 58335K, committed 58624K, reserved 1114112K
  class space    used 6718K, committed 6848K, reserved 1048576K
}
Event: 33.787 GC heap after
{Heap after GC invocations=29 (full 0):
 garbage-first heap   total 101376K, used 52562K [0x0000000082e00000, 0x0000000100000000)
  region size 1024K, 4 young (4096K), 4 survivors (4096K)
 Metaspace       used 58335K, committed 58624K, reserved 1114112K
  class space    used 6718K, committed 6848K, reserved 1048576K
}
Event: 35.748 GC heap before
{Heap before GC invocations=30 (full 0):
 garbage-first heap   total 101376K, used 80210K [0x0000000082e00000, 0x0000000100000000)
  region size 1024K, 31 young (31744K), 4 survivors (4096K)
 Metaspace       used 62011K, committed 62336K, reserved 1114112K
  class space    used 7044K, committed 7232K, reserved 1048576K
}
Event: 35.774 GC heap after
{Heap after GC invocations=31 (full 0):
 garbage-first heap   total 101376K, used 57101K [0x0000000082e00000, 0x0000000100000000)
  region size 1024K, 4 young (4096K), 4 survivors (4096K)
 Metaspace       used 62011K, committed 62336K, reserved 1114112K
  class space    used 7044K, committed 7232K, reserved 1048576K
}
Event: 36.679 GC heap before
{Heap before GC invocations=31 (full 0):
 garbage-first heap   total 101376K, used 83725K [0x0000000082e00000, 0x0000000100000000)
  region size 1024K, 30 young (30720K), 4 survivors (4096K)
 Metaspace       used 62334K, committed 62720K, reserved 1114112K
  class space    used 7044K, committed 7232K, reserved 1048576K
}
Event: 36.708 GC heap after
{Heap after GC invocations=32 (full 0):
 garbage-first heap   total 101376K, used 62464K [0x0000000082e00000, 0x0000000100000000)
  region size 1024K, 4 young (4096K), 4 survivors (4096K)
 Metaspace       used 62334K, committed 62720K, reserved 1114112K
  class space    used 7044K, committed 7232K, reserved 1048576K
}
Event: 38.113 GC heap before
{Heap before GC invocations=32 (full 0):
 garbage-first heap   total 101376K, used 86016K [0x0000000082e00000, 0x0000000100000000)
  region size 1024K, 27 young (27648K), 4 survivors (4096K)
 Metaspace       used 64141K, committed 64448K, reserved 1114112K
  class space    used 7218K, committed 7360K, reserved 1048576K
}
Event: 38.137 GC heap after
{Heap after GC invocations=33 (full 0):
 garbage-first heap   total 101376K, used 66853K [0x0000000082e00000, 0x0000000100000000)
  region size 1024K, 4 young (4096K), 4 survivors (4096K)
 Metaspace       used 64141K, committed 64448K, reserved 1114112K
  class space    used 7218K, committed 7360K, reserved 1048576K
}

Dll operation events (3 events):
Event: 12.245 Loaded shared library C:\Program Files\Android\Android Studio\jbr\bin\java.dll
Event: 12.322 Loaded shared library C:\Program Files\Android\Android Studio\jbr\bin\zip.dll
Event: 18.323 Loaded shared library C:\Program Files\Android\Android Studio\jbr\bin\verify.dll

Deoptimization events (20 events):
Event: 38.713 Thread 0x0000019be1b5d050 Uncommon trap: trap_request=0xffffffc6 fr.pc=0x0000019beedc9098 relative=0x0000000000000758
Event: 38.713 Thread 0x0000019be1b5d050 Uncommon trap: reason=bimorphic_or_optimized_type_check action=maybe_recompile pc=0x0000019beedc9098 method=kotlin.collections.CollectionsKt___CollectionsKt.toList(Ljava/lang/Iterable;)Ljava/util/List; @ 62 c2
Event: 38.713 Thread 0x0000019be1b5d050 DEOPT PACKING pc=0x0000019beedc9098 sp=0x00000076c33fd330
Event: 38.713 Thread 0x0000019be1b5d050 DEOPT UNPACKING pc=0x0000019bee5543a2 sp=0x00000076c33fd2f8 mode 2
Event: 38.715 Thread 0x0000019be1b5d050 Uncommon trap: trap_request=0xffffffc6 fr.pc=0x0000019beedc9098 relative=0x0000000000000758
Event: 38.715 Thread 0x0000019be1b5d050 Uncommon trap: reason=bimorphic_or_optimized_type_check action=maybe_recompile pc=0x0000019beedc9098 method=kotlin.collections.CollectionsKt___CollectionsKt.toList(Ljava/lang/Iterable;)Ljava/util/List; @ 62 c2
Event: 38.715 Thread 0x0000019be1b5d050 DEOPT PACKING pc=0x0000019beedc9098 sp=0x00000076c33fd330
Event: 38.715 Thread 0x0000019be1b5d050 DEOPT UNPACKING pc=0x0000019bee5543a2 sp=0x00000076c33fd2f8 mode 2
Event: 38.716 Thread 0x0000019be1b5d050 Uncommon trap: trap_request=0xffffffc6 fr.pc=0x0000019beedc9098 relative=0x0000000000000758
Event: 38.716 Thread 0x0000019be1b5d050 Uncommon trap: reason=bimorphic_or_optimized_type_check action=maybe_recompile pc=0x0000019beedc9098 method=kotlin.collections.CollectionsKt___CollectionsKt.toList(Ljava/lang/Iterable;)Ljava/util/List; @ 62 c2
Event: 38.716 Thread 0x0000019be1b5d050 DEOPT PACKING pc=0x0000019beedc9098 sp=0x00000076c33fd330
Event: 38.716 Thread 0x0000019be1b5d050 DEOPT UNPACKING pc=0x0000019bee5543a2 sp=0x00000076c33fd2f8 mode 2
Event: 38.718 Thread 0x0000019be1b5d050 Uncommon trap: trap_request=0xffffffc6 fr.pc=0x0000019beedc9098 relative=0x0000000000000758
Event: 38.719 Thread 0x0000019be1b5d050 Uncommon trap: reason=bimorphic_or_optimized_type_check action=maybe_recompile pc=0x0000019beedc9098 method=kotlin.collections.CollectionsKt___CollectionsKt.toList(Ljava/lang/Iterable;)Ljava/util/List; @ 62 c2
Event: 38.719 Thread 0x0000019be1b5d050 DEOPT PACKING pc=0x0000019beedc9098 sp=0x00000076c33fd330
Event: 38.719 Thread 0x0000019be1b5d050 DEOPT UNPACKING pc=0x0000019bee5543a2 sp=0x00000076c33fd2f8 mode 2
Event: 38.955 Thread 0x0000019be1b5d050 Uncommon trap: trap_request=0xffffff45 fr.pc=0x0000019beeb7e0f0 relative=0x0000000000000630
Event: 38.955 Thread 0x0000019be1b5d050 Uncommon trap: reason=unstable_if action=reinterpret pc=0x0000019beeb7e0f0 method=java.util.ArrayList.grow(I)[Ljava/lang/Object; @ 17 c2
Event: 38.955 Thread 0x0000019be1b5d050 DEOPT PACKING pc=0x0000019beeb7e0f0 sp=0x00000076c33fc850
Event: 38.955 Thread 0x0000019be1b5d050 DEOPT UNPACKING pc=0x0000019bee5543a2 sp=0x00000076c33fc808 mode 2

Classes loaded (20 events):
Event: 33.175 Loading class java/util/EnumMap$EntrySet
Event: 33.175 Loading class java/util/EnumMap$EntrySet done
Event: 33.175 Loading class java/util/EnumMap$EntryIterator
Event: 33.176 Loading class java/util/EnumMap$EnumMapIterator
Event: 33.176 Loading class java/util/EnumMap$EnumMapIterator done
Event: 33.176 Loading class java/util/EnumMap$EntryIterator done
Event: 33.176 Loading class java/util/EnumMap$EntryIterator$Entry
Event: 33.177 Loading class java/util/EnumMap$EntryIterator$Entry done
Event: 34.224 Loading class java/text/MessageFormat
Event: 34.225 Loading class java/text/Format
Event: 34.226 Loading class java/text/Format done
Event: 34.226 Loading class java/text/MessageFormat done
Event: 34.227 Loading class java/util/Locale$Category
Event: 34.227 Loading class java/util/Locale$Category done
Event: 34.356 Loading class java/text/ChoiceFormat
Event: 34.357 Loading class java/text/NumberFormat
Event: 34.358 Loading class java/text/NumberFormat done
Event: 34.358 Loading class java/text/ChoiceFormat done
Event: 34.688 Loading class java/security/CodeSigner
Event: 34.689 Loading class java/security/CodeSigner done

Classes unloaded (0 events):
No events

Classes redefined (0 events):
No events

Internal exceptions (20 events):
Event: 28.564 Thread 0x0000019be1b5d050 Exception <a 'java/lang/NoSuchMethodError'{0x0000000085f27c40}: 'java.lang.Object java.lang.invoke.Invokers$Holder.linkToTargetMethod(java.lang.Object, java.lang.Object, java.lang.Object, int, java.lang.Object, java.lang.Object, java.lang.Object)'> (0x0000000085f27c40) 
thrown [s\src\hotspot\share\interpreter\linkResolver.cpp, line 784]
Event: 28.761 Thread 0x0000019be1b5d050 Exception <a 'java/lang/NoSuchMethodError'{0x0000000085eccc00}: 'java.lang.Object java.lang.invoke.DirectMethodHandle$Holder.invokeSpecial(java.lang.Object, java.lang.Object, int, java.lang.Object, java.lang.Object)'> (0x0000000085eccc00) 
thrown [s\src\hotspot\share\interpreter\linkResolver.cpp, line 784]
Event: 28.889 Thread 0x0000019be1b5d050 Exception <a 'java/lang/NoSuchMethodError'{0x0000000085de6690}: 'java.lang.Object java.lang.invoke.DirectMethodHandle$Holder.invokeStatic(java.lang.Object, int, java.lang.Object, java.lang.Object)'> (0x0000000085de6690) 
thrown [s\src\hotspot\share\interpreter\linkResolver.cpp, line 784]
Event: 29.459 Thread 0x0000019be1b5d050 Exception <a 'java/lang/NoSuchMethodError'{0x0000000085d96a10}: 'java.lang.Object java.lang.invoke.DirectMethodHandle$Holder.invokeStatic(java.lang.Object, java.lang.Object, java.lang.Object, int, java.lang.Object, java.lang.Object)'> (0x0000000085d96a10) 
thrown [s\src\hotspot\share\interpreter\linkResolver.cpp, line 784]
Event: 29.688 Thread 0x0000019be1b5d050 Exception <a 'java/lang/NoSuchMethodError'{0x0000000089e6f8d8}: 'java.lang.Object java.lang.invoke.DirectMethodHandle$Holder.newInvokeSpecial(java.lang.Object, java.lang.Object, java.lang.Object, java.lang.Object, java.lang.Object, int)'> (0x0000000089e6f8d8) 
thrown [s\src\hotspot\share\interpreter\linkResolver.cpp, line 784]
Event: 29.688 Thread 0x0000019be1b5d050 Exception <a 'java/lang/NoSuchMethodError'{0x0000000089e74080}: 'java.lang.Object java.lang.invoke.DirectMethodHandle$Holder.invokeSpecial(java.lang.Object, java.lang.Object, java.lang.Object, java.lang.Object, java.lang.Object, java.lang.Object, int)'> (0x0000000089e74080) 
thrown [s\src\hotspot\share\interpreter\linkResolver.cpp, line 784]
Event: 29.689 Thread 0x0000019be1b5d050 Exception <a 'java/lang/NoSuchMethodError'{0x0000000089e78168}: 'java.lang.Object java.lang.invoke.Invokers$Holder.linkToTargetMethod(java.lang.Object, java.lang.Object, java.lang.Object, java.lang.Object, int, java.lang.Object)'> (0x0000000089e78168) 
thrown [s\src\hotspot\share\interpreter\linkResolver.cpp, line 784]
Event: 31.063 Thread 0x0000019be1b5d050 Exception <a 'java/lang/NoSuchMethodError'{0x0000000086d98590}: 'java.lang.Object java.lang.invoke.DirectMethodHandle$Holder.newInvokeSpecial(java.lang.Object, int, java.lang.Object, java.lang.Object, java.lang.Object)'> (0x0000000086d98590) 
thrown [s\src\hotspot\share\interpreter\linkResolver.cpp, line 784]
Event: 31.064 Thread 0x0000019be1b5d050 Exception <a 'java/lang/NoSuchMethodError'{0x0000000086d9ff20}: 'java.lang.Object java.lang.invoke.Invokers$Holder.linkToTargetMethod(int, java.lang.Object, java.lang.Object, java.lang.Object, java.lang.Object)'> (0x0000000086d9ff20) 
thrown [s\src\hotspot\share\interpreter\linkResolver.cpp, line 784]
Event: 34.413 Thread 0x0000019be1b5d050 Implicit null exception at 0x0000019beeb97ada to 0x0000019beeb97bf0
Event: 34.421 Thread 0x0000019be1b5d050 Exception <a 'java/lang/NoSuchMethodError'{0x0000000088393e48}: 'java.lang.Object java.lang.invoke.DirectMethodHandle$Holder.invokeStatic(java.lang.Object, int, int, java.lang.Object)'> (0x0000000088393e48) 
thrown [s\src\hotspot\share\interpreter\linkResolver.cpp, line 784]
Event: 34.421 Thread 0x0000019be1b5d050 Exception <a 'java/lang/NoSuchMethodError'{0x0000000088397528}: 'java.lang.Object java.lang.invoke.DirectMethodHandle$Holder.invokeStaticInit(java.lang.Object, int, int, java.lang.Object)'> (0x0000000088397528) 
thrown [s\src\hotspot\share\interpreter\linkResolver.cpp, line 784]
Event: 34.628 Thread 0x0000019be1b5d050 Implicit null exception at 0x0000019beecb6269 to 0x0000019beecb644c
Event: 35.582 Thread 0x0000019be1b5d050 Exception <a 'java/lang/NoSuchMethodError'{0x0000000087c60b98}: 'java.lang.Object java.lang.invoke.DirectMethodHandle$Holder.newInvokeSpecial(java.lang.Object, java.lang.Object, int, java.lang.Object, java.lang.Object, java.lang.Object)'> (0x0000000087c60b98) 
thrown [s\src\hotspot\share\interpreter\linkResolver.cpp, line 784]
Event: 35.583 Thread 0x0000019be1b5d050 Exception <a 'java/lang/NoSuchMethodError'{0x0000000087c64cd8}: 'java.lang.Object java.lang.invoke.DirectMethodHandle$Holder.invokeSpecial(java.lang.Object, java.lang.Object, java.lang.Object, int, java.lang.Object, java.lang.Object, java.lang.Object)'> (0x0000000087c64cd8) 
thrown [s\src\hotspot\share\interpreter\linkResolver.cpp, line 784]
Event: 35.583 Thread 0x0000019be1b5d050 Exception <a 'java/lang/NoSuchMethodError'{0x0000000087c68350}: 'java.lang.Object java.lang.invoke.Invokers$Holder.linkToTargetMethod(java.lang.Object, int, java.lang.Object, java.lang.Object, java.lang.Object, java.lang.Object)'> (0x0000000087c68350) 
thrown [s\src\hotspot\share\interpreter\linkResolver.cpp, line 784]
Event: 38.086 Thread 0x0000019be1b5d050 Implicit null exception at 0x0000019beead61a0 to 0x0000019beead6768
Event: 38.093 Thread 0x0000019be1b5d050 Implicit null exception at 0x0000019beead6da0 to 0x0000019beead7358
Event: 38.789 Thread 0x0000019be1b5d050 Exception <a 'java/lang/NoSuchMethodError'{0x0000000089096db8}: 'java.lang.Object java.lang.invoke.DirectMethodHandle$Holder.newInvokeSpecial(java.lang.Object, java.lang.Object, java.lang.Object, java.lang.Object, java.lang.Object, java.lang.Object, java.lang.Object, java.lang.Object, int)'> (0x0000000089096db8) 
thrown [s\src\hotspot\share\interpreter\linkResolver.cpp, line 784]
Event: 38.790 Thread 0x0000019be1b5d050 Exception <a 'java/lang/NoSuchMethodError'{0x000000008909bb68}: 'java.lang.Object java.lang.invoke.DirectMethodHandle$Holder.invokeSpecial(java.lang.Object, java.lang.Object, java.lang.Object, java.lang.Object, java.lang.Object, java.lang.Object, java.lang.Object, java.lang.Object, java.lang.Object, int)'> (0x000000008909bb68) 
thrown [s\src\hotspot\share\interpreter\linkResolver.cpp, line 784]

ZGC Phase Switch (0 events):
No events

VM Operations (20 events):
Event: 38.113 Executing VM operation: G1CollectForAllocation (G1 Evacuation Pause)
Event: 38.137 Executing VM operation: G1CollectForAllocation (G1 Evacuation Pause) done
Event: 38.199 Executing VM operation: HandshakeAllThreads (Deoptimize)
Event: 38.199 Executing VM operation: HandshakeAllThreads (Deoptimize) done
Event: 38.203 Executing VM operation: HandshakeAllThreads (Deoptimize)
Event: 38.203 Executing VM operation: HandshakeAllThreads (Deoptimize) done
Event: 38.351 Executing VM operation: G1PauseRemark
Event: 38.390 Executing VM operation: G1PauseRemark done
Event: 38.483 Executing VM operation: G1PauseCleanup
Event: 38.484 Executing VM operation: G1PauseCleanup done
Event: 38.598 Executing VM operation: HandshakeAllThreads (Deoptimize)
Event: 38.598 Executing VM operation: HandshakeAllThreads (Deoptimize) done
Event: 38.628 Executing VM operation: HandshakeAllThreads (Deoptimize)
Event: 38.628 Executing VM operation: HandshakeAllThreads (Deoptimize) done
Event: 38.772 Executing VM operation: HandshakeAllThreads (Deoptimize)
Event: 38.772 Executing VM operation: HandshakeAllThreads (Deoptimize) done
Event: 38.893 Executing VM operation: HandshakeAllThreads (Deoptimize)
Event: 38.893 Executing VM operation: HandshakeAllThreads (Deoptimize) done
Event: 38.895 Executing VM operation: HandshakeAllThreads (Deoptimize)
Event: 38.895 Executing VM operation: HandshakeAllThreads (Deoptimize) done

Memory protections (0 events):
No events

Nmethod flushes (20 events):
Event: 38.389 Thread 0x0000019bfabdbb50 flushing  nmethod 0x0000019be7b2c210
Event: 38.389 Thread 0x0000019bfabdbb50 flushing  nmethod 0x0000019be7b79b10
Event: 38.389 Thread 0x0000019bfabdbb50 flushing  nmethod 0x0000019be7bba510
Event: 38.389 Thread 0x0000019bfabdbb50 flushing  nmethod 0x0000019be7bd1610
Event: 38.389 Thread 0x0000019bfabdbb50 flushing  nmethod 0x0000019be7c20190
Event: 38.389 Thread 0x0000019bfabdbb50 flushing  nmethod 0x0000019be7c84810
Event: 38.389 Thread 0x0000019bfabdbb50 flushing  nmethod 0x0000019be7c87010
Event: 38.389 Thread 0x0000019bfabdbb50 flushing  nmethod 0x0000019be7c89810
Event: 38.389 Thread 0x0000019bfabdbb50 flushing  nmethod 0x0000019be7c92010
Event: 38.389 Thread 0x0000019bfabdbb50 flushing  nmethod 0x0000019be7cf3290
Event: 38.389 Thread 0x0000019bfabdbb50 flushing  nmethod 0x0000019be7cf3910
Event: 38.389 Thread 0x0000019bfabdbb50 flushing  nmethod 0x0000019be7d3d310
Event: 38.389 Thread 0x0000019bfabdbb50 flushing  nmethod 0x0000019be7d71a10
Event: 38.389 Thread 0x0000019bfabdbb50 flushing  nmethod 0x0000019be7dace90
Event: 38.389 Thread 0x0000019bfabdbb50 flushing  nmethod 0x0000019be7daf690
Event: 38.389 Thread 0x0000019bfabdbb50 flushing  nmethod 0x0000019be7dc5690
Event: 38.389 Thread 0x0000019bfabdbb50 flushing  nmethod 0x0000019be7f5f290
Event: 38.389 Thread 0x0000019bfabdbb50 flushing  nmethod 0x0000019be7f6fa10
Event: 38.389 Thread 0x0000019bfabdbb50 flushing  nmethod 0x0000019be7fbac90
Event: 38.389 Thread 0x0000019bfabdbb50 flushing  nmethod 0x0000019be808ca90

Events (17 events):
Event: 12.293 Thread 0x0000019be1b5d050 Thread added: 0x0000019be1b5d050
Event: 12.664 Thread 0x0000019be1b5d050 Thread added: 0x0000019bff02a3a0
Event: 12.680 Thread 0x0000019be1b5d050 Thread added: 0x0000019bff03b140
Event: 12.681 Thread 0x0000019be1b5d050 Thread added: 0x0000019bff049ee0
Event: 12.684 Thread 0x0000019be1b5d050 Thread added: 0x0000019bff0660a0
Event: 12.684 Thread 0x0000019be1b5d050 Thread added: 0x0000019bff066b00
Event: 12.684 Thread 0x0000019be1b5d050 Thread added: 0x0000019bff068110
Event: 12.685 Thread 0x0000019be1b5d050 Thread added: 0x0000019bff05f780
Event: 12.685 Thread 0x0000019be1b5d050 Thread added: 0x0000019bff063540
Event: 12.685 Thread 0x0000019be1b5d050 Thread added: 0x0000019bff069700
Event: 12.844 Thread 0x0000019be1b5d050 Thread added: 0x0000019bff1f1950
Event: 12.910 Loaded shared library C:\Program Files\Android\Android Studio\jbr\bin\net.dll
Event: 12.934 Loaded shared library C:\Program Files\Android\Android Studio\jbr\bin\nio.dll
Event: 13.167 Loaded shared library C:\Program Files\Android\Android Studio\jbr\bin\zip.dll
Event: 13.327 Loaded shared library C:\Program Files\Android\Android Studio\jbr\bin\jimage.dll
Event: 14.262 Loaded shared library C:\Program Files\Android\Android Studio\jbr\bin\management.dll
Event: 14.311 Loaded shared library C:\Program Files\Android\Android Studio\jbr\bin\management_ext.dll


Dynamic libraries:
0x00007ff672010000 - 0x00007ff67201a000 	C:\Program Files\Android\Android Studio\jbr\bin\java.exe
0x00007ff893970000 - 0x00007ff893b68000 	C:\WINDOWS\SYSTEM32\ntdll.dll
0x00007ff891ea0000 - 0x00007ff891f62000 	C:\WINDOWS\System32\KERNEL32.DLL
0x00007ff8911a0000 - 0x00007ff891496000 	C:\WINDOWS\System32\KERNELBASE.dll
0x00007ff891000000 - 0x00007ff891100000 	C:\WINDOWS\System32\ucrtbase.dll
0x00007ff88a2c0000 - 0x00007ff88a2d8000 	C:\Program Files\Android\Android Studio\jbr\bin\jli.dll
0x00007ff892720000 - 0x00007ff8928c1000 	C:\WINDOWS\System32\USER32.dll
0x00007ff8914f0000 - 0x00007ff891512000 	C:\WINDOWS\System32\win32u.dll
0x00007ff891f70000 - 0x00007ff891f9b000 	C:\WINDOWS\System32\GDI32.dll
0x00007ff891870000 - 0x00007ff891989000 	C:\WINDOWS\System32\gdi32full.dll
0x00007ff891100000 - 0x00007ff89119d000 	C:\WINDOWS\System32\msvcp_win.dll
0x00007ff873100000 - 0x00007ff87311b000 	C:\Program Files\Android\Android Studio\jbr\bin\VCRUNTIME140.dll
0x00007ff87c920000 - 0x00007ff87cbbb000 	C:\WINDOWS\WinSxS\amd64_microsoft.windows.common-controls_6595b64144ccf1df_6.0.19041.6456_none_60b8a6cb71f64256\COMCTL32.dll
0x00007ff8936d0000 - 0x00007ff89376e000 	C:\WINDOWS\System32\msvcrt.dll
0x00007ff893130000 - 0x00007ff89315f000 	C:\WINDOWS\System32\IMM32.DLL
0x00007ff87d4b0000 - 0x00007ff87d4bc000 	C:\Program Files\Android\Android Studio\jbr\bin\vcruntime140_1.dll
0x00007ff868590000 - 0x00007ff86861d000 	C:\Program Files\Android\Android Studio\jbr\bin\msvcp140.dll
0x00007fffda1f0000 - 0x00007fffdae86000 	C:\Program Files\Android\Android Studio\jbr\bin\server\jvm.dll
0x00007ff892f40000 - 0x00007ff892ff1000 	C:\WINDOWS\System32\ADVAPI32.dll
0x00007ff891da0000 - 0x00007ff891e3f000 	C:\WINDOWS\System32\sechost.dll
0x00007ff893000000 - 0x00007ff893120000 	C:\WINDOWS\System32\RPCRT4.dll
0x00007ff891840000 - 0x00007ff891867000 	C:\WINDOWS\System32\bcrypt.dll
0x00007ff892ed0000 - 0x00007ff892f3b000 	C:\WINDOWS\System32\WS2_32.dll
0x00007ff890db0000 - 0x00007ff890dfb000 	C:\WINDOWS\SYSTEM32\POWRPROF.dll
0x00007ff87e180000 - 0x00007ff87e1a7000 	C:\WINDOWS\SYSTEM32\WINMM.dll
0x00007ff88b430000 - 0x00007ff88b43a000 	C:\WINDOWS\SYSTEM32\VERSION.dll
0x00007ff890d90000 - 0x00007ff890da2000 	C:\WINDOWS\SYSTEM32\UMPDC.dll
0x00007ff88f810000 - 0x00007ff88f822000 	C:\WINDOWS\SYSTEM32\kernel.appcore.dll
0x00007ff87a660000 - 0x00007ff87a66a000 	C:\Program Files\Android\Android Studio\jbr\bin\jimage.dll
0x00007ff88ed00000 - 0x00007ff88ef01000 	C:\WINDOWS\SYSTEM32\DBGHELP.DLL
0x00007ff86a930000 - 0x00007ff86a964000 	C:\WINDOWS\SYSTEM32\dbgcore.DLL
0x00007ff8917b0000 - 0x00007ff891832000 	C:\WINDOWS\System32\bcryptPrimitives.dll
0x00007ff872c70000 - 0x00007ff872c90000 	C:\Program Files\Android\Android Studio\jbr\bin\java.dll
0x00007ff872c00000 - 0x00007ff872c18000 	C:\Program Files\Android\Android Studio\jbr\bin\zip.dll
0x00007ff891fb0000 - 0x00007ff892720000 	C:\WINDOWS\System32\SHELL32.dll
0x00007ff88ef10000 - 0x00007ff88f6b5000 	C:\WINDOWS\SYSTEM32\windows.storage.dll
0x00007ff891990000 - 0x00007ff891ce4000 	C:\WINDOWS\System32\combase.dll
0x00007ff890950000 - 0x00007ff89097b000 	C:\WINDOWS\SYSTEM32\Wldp.dll
0x00007ff893160000 - 0x00007ff89322d000 	C:\WINDOWS\System32\OLEAUT32.dll
0x00007ff893440000 - 0x00007ff8934ed000 	C:\WINDOWS\System32\SHCORE.dll
0x00007ff8934f0000 - 0x00007ff89354b000 	C:\WINDOWS\System32\shlwapi.dll
0x00007ff890f30000 - 0x00007ff890f54000 	C:\WINDOWS\SYSTEM32\profapi.dll
0x00007ff87a120000 - 0x00007ff87a130000 	C:\Program Files\Android\Android Studio\jbr\bin\net.dll
0x00007ff88a810000 - 0x00007ff88a91a000 	C:\WINDOWS\SYSTEM32\WINHTTP.dll
0x00007ff8906b0000 - 0x00007ff89071a000 	C:\WINDOWS\system32\mswsock.dll
0x00007ff870cc0000 - 0x00007ff870cd6000 	C:\Program Files\Android\Android Studio\jbr\bin\nio.dll
0x00007ff875b40000 - 0x00007ff875b49000 	C:\Program Files\Android\Android Studio\jbr\bin\management.dll
0x00007ff875ab0000 - 0x00007ff875abb000 	C:\Program Files\Android\Android Studio\jbr\bin\management_ext.dll
0x00007ff893920000 - 0x00007ff893928000 	C:\WINDOWS\System32\PSAPI.DLL
0x00007ff873160000 - 0x00007ff873170000 	C:\Program Files\Android\Android Studio\jbr\bin\verify.dll

JVMTI agents: none

dbghelp: loaded successfully - version: 4.0.5 - missing functions: none
symbol engine: initialized successfully - sym options: 0x614 - pdb path: .;C:\Program Files\Android\Android Studio\jbr\bin;C:\WINDOWS\SYSTEM32;C:\WINDOWS\WinSxS\amd64_microsoft.windows.common-controls_6595b64144ccf1df_6.0.19041.6456_none_60b8a6cb71f64256;C:\Program Files\Android\Android Studio\jbr\bin\server

VM Arguments:
java_command: org.jetbrains.kotlin.cli.jvm.K2JVMCompiler @C:\Users\Tuella\AndroidStudioProjects\BudgetBuddy\app\build\20260428_6694397400493501105.compiler.options
java_class_path (initial): C:\Users\Tuella\.gradle\caches\modules-2\files-2.1\org.jetbrains.kotlin\kotlin-compiler-embeddable\2.2.10\6882d39ef03b18879c1a5d2a83c2212361bed5fe\kotlin-compiler-embeddable-2.2.10.jar;C:\Users\Tuella\.gradle\caches\modules-2\files-2.1\org.jetbrains.kotlin\kotlin-stdlib\2.2.10\30de6faa127a4a012db8e71bf1b9c0a99b1402b2\kotlin-stdlib-2.2.10.jar;C:\Users\Tuella\.gradle\caches\modules-2\files-2.1\org.jetbrains.kotlin\kotlin-script-runtime\2.2.10\712f9bc08f378c13a4a00f0bbb28c76e59183e83\kotlin-script-runtime-2.2.10.jar;C:\Users\Tuella\.gradle\caches\modules-2\files-2.1\org.jetbrains.kotlin\kotlin-reflect\1.6.10\1cbe9c92c12a94eea200d23c2bbaedaf3daf5132\kotlin-reflect-1.6.10.jar;C:\Users\Tuella\.gradle\caches\modules-2\files-2.1\org.jetbrains.kotlin\kotlin-daemon-embeddable\2.2.10\212fd3c2c6e4e5d0f4db3c4191233e2b622380cc\kotlin-daemon-embeddable-2.2.10.jar;C:\Users\Tuella\.gradle\caches\modules-2\files-2.1\org.jetbrains.kotlinx\kotlinx-coroutines-core-jvm\1.8.0\ac1dc37a30a93150b704022f8d895ee1bd3a36b3\kotlinx-coroutines-core-jvm-1.8.0.jar;C:\Users\Tuella\.gradle\caches\modules-2\files-2.1\org.jetbrains\annotations\13.0\919f0dfe192fb4e063e7dacadee7f8bb9a2672a9\annotations-13.0.jar
Launcher Type: SUN_STANDARD

[Global flags]
     intx CICompilerCount                          = 3                                         {product} {ergonomic}
     uint ConcGCThreads                            = 1                                         {product} {ergonomic}
     uint G1ConcRefinementThreads                  = 4                                         {product} {ergonomic}
   size_t G1HeapRegionSize                         = 1048576                                   {product} {ergonomic}
    uintx GCDrainStackTargetSize                   = 64                                        {product} {ergonomic}
   size_t InitialHeapSize                          = 132120576                                 {product} {ergonomic}
   size_t MarkStackSize                            = 4194304                                   {product} {ergonomic}
   size_t MaxHeapSize                              = 2099249152                                {product} {ergonomic}
   size_t MaxNewSize                               = 1259339776                                {product} {ergonomic}
   size_t MinHeapDeltaBytes                        = 1048576                                   {product} {ergonomic}
   size_t MinHeapSize                              = 8388608                                   {product} {ergonomic}
    uintx NonNMethodCodeHeapSize                   = 5832780                                {pd product} {ergonomic}
    uintx NonProfiledCodeHeapSize                  = 122912730                              {pd product} {ergonomic}
    uintx ProfiledCodeHeapSize                     = 122912730                              {pd product} {ergonomic}
    uintx ReservedCodeCacheSize                    = 251658240                              {pd product} {ergonomic}
     bool SegmentedCodeCache                       = true                                      {product} {ergonomic}
   size_t SoftMaxHeapSize                          = 2099249152                             {manageable} {ergonomic}
     bool UseCompressedOops                        = true                           {product lp64_product} {ergonomic}
     bool UseG1GC                                  = true                                      {product} {ergonomic}
     bool UseLargePagesIndividualAllocation        = false                                  {pd product} {ergonomic}

Logging:
Log output configuration:
 #0: stdout all=warning uptime,level,tags foldmultilines=false
 #1: stderr all=off uptime,level,tags foldmultilines=false

Release file:
JAVA_VERSION="21.0.9" 
MODULES="java.base java.compiler java.datatransfer java.xml java.prefs java.desktop java.instrument java.logging java.management java.security.sasl java.naming java.rmi java.management.rmi java.net.http java.scripting java.security.jgss java.transaction.xa java.sql java.sql.rowset java.xml.crypto java.se java.smartcardio jdk.accessibility jdk.internal.jvmstat jdk.attach jdk.charsets jdk.internal.opt jdk.zipfs jdk.compiler jdk.crypto.ec jdk.crypto.cryptoki jdk.dynalink jdk.hotspot.agent jdk.httpserver jdk.internal.ed jdk.internal.le jdk.internal.vm.ci jdk.jartool jdk.javadoc jdk.jcmd jdk.jdeps jdk.jdwp.agent jdk.jdi jdk.jfr jdk.jlink jdk.jsobject jdk.localedata jdk.management jdk.management.agent jdk.management.jfr jdk.naming.dns jdk.naming.rmi jdk.net jdk.sctp jdk.security.auth jdk.security.jgss jdk.unsupported jdk.unsupported.desktop jdk.xml.dom" 
IMPLEMENTOR="JetBrains s.r.o." 
JAVA_RUNTIME_VERSION="21.0.9+-14649483-b1163.86" 
LIBC="default" 
OS_ARCH="x86_64" 
OS_NAME="Windows" 
SOURCE=".:git:554d0c326095" 

Environment Variables:
PATH=C:\app\Tuella\product\21c\dbhomeXE\bin;C:\Program Files\Common Files\Oracle\Java\javapath;"C:\Program Files\Common Files\Oracle\Java\javapath;C:\Program Files\Java\jdk-25\bin";C:\Python313\Scripts\;C:\Python313\;C:\WINDOWS\system32;C:\WINDOWS;C:\WINDOWS\System32\Wbem;C:\WINDOWS\System32\WindowsPowerShell\v1.0\;C:\WINDOWS\System32\OpenSSH\;C:\Program Files\nodejs\;C:\ProgramData\chocolatey\bin;C:\Program Files\Git\cmd;C:\Program Files (x86)\ZeroTier\One\;C:\Program Files\Microsoft SQL Server\170\Tools\Binn\;C:\Program Files\Microsoft SQL Server\Client SDK\ODBC\170\Tools\Binn\;C:\Program Files\dotnet\;C:\Program Files (x86)\Windows Kits\10\Windows Performance Toolkit\;C:\php;C:\Program Files\MySQL\MySQL Shell 8.0\bin\;C:\Users\Tuella\AppData\Local\Microsoft\WindowsApps;C:\Users\Tuella\AppData\Local\Programs\Microsoft VS Code\bin;C:\Users\Tuella\AppData\Roaming\npm;C:\Users\Tuella\.dotnet\tools;C:\Program Files\JetBrains\IntelliJ IDEA 2025.3.3\bin
USERNAME=Tuella
OS=Windows_NT
PROCESSOR_IDENTIFIER=Intel64 Family 6 Model 78 Stepping 3, GenuineIntel
TMP=C:\Users\Tuella\AppData\Local\Temp
TEMP=C:\Users\Tuella\AppData\Local\Temp




Periodic native trim disabled

JNI global refs:
JNI global refs: 10, weak refs: 6

JNI global refs memory usage: 835, weak refs: 833

Process memory usage:
Resident Set Size: 279340K (3% of 8199156K total physical memory with 79312K free physical memory)

OOME stack traces (most recent first):
Classloader memory used:
Loader jdk.internal.loader.ClassLoaders$AppClassLoader                                 : 55334K
Loader bootstrap                                                                       : 11799K
Loader jdk.internal.jrtfs.JrtFileSystemProvider$JrtFsLoader                            : 331K
Loader jdk.internal.loader.ClassLoaders$PlatformClassLoader                            : 67872B

Classes loaded by more than one classloader:
Class jdk.internal.jimage.BasicImageReader                                            : loaded 2 times (x 95B)
Class jdk.internal.jimage.decompressor.StringSharingDecompressorFactory               : loaded 2 times (x 74B)
Class jdk.internal.jrtfs.JrtFileSystemProvider                                        : loaded 2 times (x 101B)
Class jdk.internal.jimage.ImageLocation                                               : loaded 2 times (x 90B)
Class jdk.internal.jimage.ImageBufferCache$1                                          : loaded 2 times (x 83B)
Class jdk.internal.jimage.ImageBufferCache$2                                          : loaded 2 times (x 91B)
Class jdk.internal.jimage.ImageHeader                                                 : loaded 2 times (x 71B)
Class jdk.internal.jimage.decompressor.ResourceDecompressor                           : loaded 2 times (x 70B)
Class jdk.internal.jimage.ImageStringsReader                                          : loaded 2 times (x 80B)
Class jdk.internal.jimage.ImageReader                                                 : loaded 2 times (x 75B)
Class jdk.internal.jimage.ImageReader$SharedImageReader                               : loaded 2 times (x 95B)
Class jdk.internal.jimage.decompressor.ResourceDecompressorFactory                    : loaded 2 times (x 74B)
Class jdk.internal.jimage.ImageReader$Node                                            : loaded 2 times (x 84B)
Class jdk.internal.jimage.BasicImageReader$1                                          : loaded 2 times (x 77B)
Class jdk.internal.jimage.decompressor.Decompressor                                   : loaded 2 times (x 72B)
Class jdk.internal.jimage.ImageBufferCache                                            : loaded 2 times (x 71B)
Class jdk.internal.jrtfs.JrtPath                                                      : loaded 2 times (x 118B)
Class jdk.internal.jimage.decompressor.ResourceDecompressorRepository                 : loaded 2 times (x 71B)
Class jdk.internal.jimage.ImageReader$Directory                                       : loaded 2 times (x 84B)
Class jdk.internal.jimage.decompressor.ZipDecompressorFactory                         : loaded 2 times (x 74B)
Class jdk.internal.jimage.decompressor.ZipDecompressor                                : loaded 2 times (x 75B)
Class jdk.internal.jimage.ImageStrings                                                : loaded 2 times (x 70B)
Class jdk.internal.jrtfs.JrtFileSystem                                                : loaded 2 times (x 102B)
Class jdk.internal.jimage.decompressor.CompressedResourceHeader                       : loaded 2 times (x 71B)
Class jdk.internal.jimage.decompressor.ResourceDecompressor$StringsProvider           : loaded 2 times (x 70B)

---------------  S Y S T E M  ---------------

OS:
 Windows 10 , 64 bit Build 19041 (10.0.19041.5915)
OS uptime: 35 days 23:38 hours

CPU: total 4 (initial active 4) (2 cores per cpu, 2 threads per core) family 6 model 78 stepping 3 microcode 0xf0, cx8, cmov, fxsr, ht, mmx, 3dnowpref, sse, sse2, sse3, ssse3, sse4.1, sse4.2, popcnt, lzcnt, tsc, tscinvbit, avx, avx2, aes, erms, clmul, bmi1, bmi2, rtm, adx, fma, vzeroupper, clflush, clflushopt, rdtscp, f16c
Processor Information for the first 4 processors :
  Max Mhz: 2501, Current Mhz: 2400, Mhz Limit: 2375

Memory: 4k page, system-wide physical 8006M (80M free)
TotalPageFile size 32582M (AvailPageFile size 0M)
current process WorkingSet (physical memory assigned to process): 274M, peak: 274M
current process commit charge ("private bytes"): 320M, peak: 320M

vm_info: OpenJDK 64-Bit Server VM (21.0.9+-14649483-b1163.86) for windows-amd64 JRE (21.0.9+-14649483-b1163.86), built on 2025-12-30T22:08:35Z by "builder" with MS VC++ 16.10 / 16.11 (VS2019)

END.
